[10-May-2020 17:12:50 Asia/Tokyo] PHP Notice:  Undefined index: user_id in /Applications/MAMP/htdocs/view-tiful/mypage.php on line 8
[10-May-2020 17:12:50 Asia/Tokyo] PHP Notice:  Undefined index: user_id in /Applications/MAMP/htdocs/view-tiful/mypage.php on line 12
[10-May-2020 17:12:50 Asia/Tokyo] PHP Notice:  Undefined index: user_id in /Applications/MAMP/htdocs/view-tiful/mypage.php on line 16
[10-May-2020 17:12:50 Asia/Tokyo] PHP Notice:  Undefined index: user_id in /Applications/MAMP/htdocs/view-tiful/side.php on line 2
[10-May-2020 17:12:50 Asia/Tokyo] PHP Notice:  Trying to access array offset on value of type bool in /Applications/MAMP/htdocs/view-tiful/side.php on line 9
[10-May-2020 17:12:50 Asia/Tokyo] PHP Notice:  Trying to access array offset on value of type bool in /Applications/MAMP/htdocs/view-tiful/side.php on line 10
[10-May-2020 17:12:50 Asia/Tokyo] PHP Notice:  Undefined index: user_id in /Applications/MAMP/htdocs/view-tiful/mypage.php on line 8
[10-May-2020 17:12:50 Asia/Tokyo] PHP Notice:  Undefined index: user_id in /Applications/MAMP/htdocs/view-tiful/mypage.php on line 12
[10-May-2020 17:12:50 Asia/Tokyo] PHP Notice:  Undefined index: user_id in /Applications/MAMP/htdocs/view-tiful/mypage.php on line 16
[10-May-2020 17:12:50 Asia/Tokyo] PHP Notice:  Undefined index: user_id in /Applications/MAMP/htdocs/view-tiful/side.php on line 2
[10-May-2020 17:12:50 Asia/Tokyo] PHP Notice:  Trying to access array offset on value of type bool in /Applications/MAMP/htdocs/view-tiful/side.php on line 9
[10-May-2020 17:12:50 Asia/Tokyo] PHP Notice:  Trying to access array offset on value of type bool in /Applications/MAMP/htdocs/view-tiful/side.php on line 10
[10-May-2020 18:23:37 Asia/Tokyo] PHP Notice:  Undefined index: user_id in /Applications/MAMP/htdocs/view-tiful/mypage.php on line 8
[10-May-2020 18:23:37 Asia/Tokyo] PHP Notice:  Undefined index: user_id in /Applications/MAMP/htdocs/view-tiful/mypage.php on line 12
[10-May-2020 18:23:37 Asia/Tokyo] PHP Notice:  Undefined index: user_id in /Applications/MAMP/htdocs/view-tiful/mypage.php on line 16
[10-May-2020 18:23:37 Asia/Tokyo] PHP Notice:  Undefined index: user_id in /Applications/MAMP/htdocs/view-tiful/side.php on line 2
[10-May-2020 18:23:37 Asia/Tokyo] PHP Notice:  Trying to access array offset on value of type bool in /Applications/MAMP/htdocs/view-tiful/side.php on line 9
[10-May-2020 18:23:37 Asia/Tokyo] PHP Notice:  Trying to access array offset on value of type bool in /Applications/MAMP/htdocs/view-tiful/side.php on line 10
[10-May-2020 18:23:38 Asia/Tokyo] PHP Notice:  Undefined index: user_id in /Applications/MAMP/htdocs/view-tiful/mypage.php on line 8
[10-May-2020 18:23:38 Asia/Tokyo] PHP Notice:  Undefined index: user_id in /Applications/MAMP/htdocs/view-tiful/mypage.php on line 12
[10-May-2020 18:23:38 Asia/Tokyo] PHP Notice:  Undefined index: user_id in /Applications/MAMP/htdocs/view-tiful/mypage.php on line 16
[10-May-2020 18:23:38 Asia/Tokyo] PHP Notice:  Undefined index: user_id in /Applications/MAMP/htdocs/view-tiful/side.php on line 2
[10-May-2020 18:23:38 Asia/Tokyo] PHP Notice:  Trying to access array offset on value of type bool in /Applications/MAMP/htdocs/view-tiful/side.php on line 9
[10-May-2020 18:23:38 Asia/Tokyo] PHP Notice:  Trying to access array offset on value of type bool in /Applications/MAMP/htdocs/view-tiful/side.php on line 10
[10-May-2020 18:36:42 Asia/Tokyo] PHP Notice:  Trying to access array offset on value of type bool in /Applications/MAMP/htdocs/view-tiful/side.php on line 9
[10-May-2020 18:36:42 Asia/Tokyo] PHP Notice:  Trying to access array offset on value of type bool in /Applications/MAMP/htdocs/view-tiful/side.php on line 10
[12-May-2020 21:02:03 Asia/Tokyo] PHP Notice:  Undefined index: user_id in /Applications/MAMP/htdocs/view-tiful/mypage.php on line 8
[12-May-2020 21:02:03 Asia/Tokyo] PHP Notice:  Undefined index: user_id in /Applications/MAMP/htdocs/view-tiful/mypage.php on line 12
[12-May-2020 21:02:03 Asia/Tokyo] PHP Notice:  Undefined index: user_id in /Applications/MAMP/htdocs/view-tiful/mypage.php on line 16
[12-May-2020 21:02:03 Asia/Tokyo] PHP Notice:  Undefined index: user_id in /Applications/MAMP/htdocs/view-tiful/side.php on line 2
[12-May-2020 21:02:03 Asia/Tokyo] PHP Notice:  Trying to access array offset on value of type bool in /Applications/MAMP/htdocs/view-tiful/side.php on line 9
[12-May-2020 21:02:03 Asia/Tokyo] PHP Notice:  Trying to access array offset on value of type bool in /Applications/MAMP/htdocs/view-tiful/side.php on line 10
[12-May-2020 21:02:06 Asia/Tokyo] PHP Notice:  Undefined index: user_id in /Applications/MAMP/htdocs/view-tiful/mypage.php on line 8
[12-May-2020 21:02:06 Asia/Tokyo] PHP Notice:  Undefined index: user_id in /Applications/MAMP/htdocs/view-tiful/mypage.php on line 12
[12-May-2020 21:02:06 Asia/Tokyo] PHP Notice:  Undefined index: user_id in /Applications/MAMP/htdocs/view-tiful/mypage.php on line 16
[12-May-2020 21:02:06 Asia/Tokyo] PHP Notice:  Undefined index: user_id in /Applications/MAMP/htdocs/view-tiful/side.php on line 2
[12-May-2020 21:02:06 Asia/Tokyo] PHP Notice:  Trying to access array offset on value of type bool in /Applications/MAMP/htdocs/view-tiful/side.php on line 9
[12-May-2020 21:02:06 Asia/Tokyo] PHP Notice:  Trying to access array offset on value of type bool in /Applications/MAMP/htdocs/view-tiful/side.php on line 10
[14-May-2020 16:51:09 Asia/Tokyo] PHP Notice:  Undefined index: user_id in /Applications/MAMP/htdocs/view-tiful/mypage.php on line 8
[14-May-2020 16:51:09 Asia/Tokyo] PHP Notice:  Undefined index: user_id in /Applications/MAMP/htdocs/view-tiful/mypage.php on line 12
[14-May-2020 16:51:09 Asia/Tokyo] PHP Notice:  Undefined index: user_id in /Applications/MAMP/htdocs/view-tiful/mypage.php on line 16
[14-May-2020 16:51:09 Asia/Tokyo] PHP Notice:  Undefined index: user_id in /Applications/MAMP/htdocs/view-tiful/side.php on line 2
[14-May-2020 16:51:09 Asia/Tokyo] PHP Notice:  Trying to access array offset on value of type bool in /Applications/MAMP/htdocs/view-tiful/side.php on line 9
[14-May-2020 16:51:09 Asia/Tokyo] PHP Notice:  Trying to access array offset on value of type bool in /Applications/MAMP/htdocs/view-tiful/side.php on line 10
[14-May-2020 16:51:12 Asia/Tokyo] PHP Notice:  Undefined index: user_id in /Applications/MAMP/htdocs/view-tiful/mypage.php on line 8
[14-May-2020 16:51:12 Asia/Tokyo] PHP Notice:  Undefined index: user_id in /Applications/MAMP/htdocs/view-tiful/mypage.php on line 12
[14-May-2020 16:51:12 Asia/Tokyo] PHP Notice:  Undefined index: user_id in /Applications/MAMP/htdocs/view-tiful/mypage.php on line 16
[14-May-2020 16:51:12 Asia/Tokyo] PHP Notice:  Undefined index: user_id in /Applications/MAMP/htdocs/view-tiful/side.php on line 2
[14-May-2020 16:51:12 Asia/Tokyo] PHP Notice:  Trying to access array offset on value of type bool in /Applications/MAMP/htdocs/view-tiful/side.php on line 9
[14-May-2020 16:51:12 Asia/Tokyo] PHP Notice:  Trying to access array offset on value of type bool in /Applications/MAMP/htdocs/view-tiful/side.php on line 10
[17-May-2020 01:44:19 Asia/Tokyo] PHP Notice:  Undefined index: user_id in /Applications/MAMP/htdocs/view-tiful/mypage.php on line 8
[17-May-2020 01:44:19 Asia/Tokyo] PHP Notice:  Undefined index: user_id in /Applications/MAMP/htdocs/view-tiful/mypage.php on line 12
[17-May-2020 01:44:19 Asia/Tokyo] PHP Notice:  Undefined index: user_id in /Applications/MAMP/htdocs/view-tiful/mypage.php on line 16
[17-May-2020 01:44:19 Asia/Tokyo] PHP Notice:  Undefined index: user_id in /Applications/MAMP/htdocs/view-tiful/side.php on line 2
[17-May-2020 01:44:19 Asia/Tokyo] PHP Notice:  Trying to access array offset on value of type bool in /Applications/MAMP/htdocs/view-tiful/side.php on line 9
[17-May-2020 01:44:19 Asia/Tokyo] PHP Notice:  Trying to access array offset on value of type bool in /Applications/MAMP/htdocs/view-tiful/side.php on line 10
[17-May-2020 09:55:40 Asia/Tokyo] PHP Notice:  Trying to access array offset on value of type bool in /Applications/MAMP/htdocs/view-tiful/side.php on line 9
[17-May-2020 09:55:40 Asia/Tokyo] PHP Notice:  Trying to access array offset on value of type bool in /Applications/MAMP/htdocs/view-tiful/side.php on line 10
[17-May-2020 09:55:41 Asia/Tokyo] PHP Notice:  Trying to access array offset on value of type bool in /Applications/MAMP/htdocs/view-tiful/side.php on line 9
[17-May-2020 09:55:41 Asia/Tokyo] PHP Notice:  Trying to access array offset on value of type bool in /Applications/MAMP/htdocs/view-tiful/side.php on line 10
[19-May-2020 22:52:19 Asia/Tokyo] PHP Notice:  Trying to access array offset on value of type bool in /Applications/MAMP/htdocs/view-tiful/side.php on line 9
[19-May-2020 22:52:19 Asia/Tokyo] PHP Notice:  Trying to access array offset on value of type bool in /Applications/MAMP/htdocs/view-tiful/side.php on line 10
[19-May-2020 22:52:23 Asia/Tokyo] PHP Notice:  Trying to access array offset on value of type bool in /Applications/MAMP/htdocs/view-tiful/side.php on line 9
[19-May-2020 22:52:23 Asia/Tokyo] PHP Notice:  Trying to access array offset on value of type bool in /Applications/MAMP/htdocs/view-tiful/side.php on line 10
[20-May-2020 23:57:45 Asia/Tokyo] PHP Notice:  Trying to access array offset on value of type bool in /Applications/MAMP/htdocs/view-tiful/side.php on line 9
[20-May-2020 23:57:45 Asia/Tokyo] PHP Notice:  Trying to access array offset on value of type bool in /Applications/MAMP/htdocs/view-tiful/side.php on line 10
[20-May-2020 23:57:46 Asia/Tokyo] PHP Notice:  Undefined index: user_id in /Applications/MAMP/htdocs/view-tiful/mypage.php on line 8
[20-May-2020 23:57:46 Asia/Tokyo] PHP Notice:  Undefined index: user_id in /Applications/MAMP/htdocs/view-tiful/mypage.php on line 12
[20-May-2020 23:57:46 Asia/Tokyo] PHP Notice:  Undefined index: user_id in /Applications/MAMP/htdocs/view-tiful/mypage.php on line 16
[20-May-2020 23:57:46 Asia/Tokyo] PHP Notice:  Undefined index: user_id in /Applications/MAMP/htdocs/view-tiful/side.php on line 2
[20-May-2020 23:57:46 Asia/Tokyo] PHP Notice:  Trying to access array offset on value of type bool in /Applications/MAMP/htdocs/view-tiful/side.php on line 9
[20-May-2020 23:57:46 Asia/Tokyo] PHP Notice:  Trying to access array offset on value of type bool in /Applications/MAMP/htdocs/view-tiful/side.php on line 10
[22-May-2020 21:43:25 Asia/Tokyo] PHP Notice:  Trying to access array offset on value of type bool in /Applications/MAMP/htdocs/view-tiful/side.php on line 9
[22-May-2020 21:43:25 Asia/Tokyo] PHP Notice:  Trying to access array offset on value of type bool in /Applications/MAMP/htdocs/view-tiful/side.php on line 10
[23-May-2020 14:03:39 Asia/Tokyo] PHP Notice:  Trying to access array offset on value of type bool in /Applications/MAMP/htdocs/view-tiful/side.php on line 9
[23-May-2020 14:03:39 Asia/Tokyo] PHP Notice:  Trying to access array offset on value of type bool in /Applications/MAMP/htdocs/view-tiful/side.php on line 10
[23-May-2020 14:03:40 Asia/Tokyo] PHP Notice:  Trying to access array offset on value of type bool in /Applications/MAMP/htdocs/view-tiful/side.php on line 9
[23-May-2020 14:03:40 Asia/Tokyo] PHP Notice:  Trying to access array offset on value of type bool in /Applications/MAMP/htdocs/view-tiful/side.php on line 10
[24-May-2020 15:13:09 Asia/Tokyo] PHP Notice:  Trying to access array offset on value of type bool in /Applications/MAMP/htdocs/view-tiful/side.php on line 9
[24-May-2020 15:13:09 Asia/Tokyo] PHP Notice:  Trying to access array offset on value of type bool in /Applications/MAMP/htdocs/view-tiful/side.php on line 10
[24-May-2020 15:13:10 Asia/Tokyo] PHP Notice:  Trying to access array offset on value of type bool in /Applications/MAMP/htdocs/view-tiful/side.php on line 9
[24-May-2020 15:13:10 Asia/Tokyo] PHP Notice:  Trying to access array offset on value of type bool in /Applications/MAMP/htdocs/view-tiful/side.php on line 10
[25-May-2020 00:00:58 Asia/Tokyo] PHP Notice:  Trying to access array offset on value of type bool in /Applications/MAMP/htdocs/view-tiful/side.php on line 9
[25-May-2020 00:00:58 Asia/Tokyo] PHP Notice:  Trying to access array offset on value of type bool in /Applications/MAMP/htdocs/view-tiful/side.php on line 10
[25-May-2020 00:00:58 Asia/Tokyo] PHP Notice:  Trying to access array offset on value of type bool in /Applications/MAMP/htdocs/view-tiful/side.php on line 9
[25-May-2020 00:00:58 Asia/Tokyo] PHP Notice:  Trying to access array offset on value of type bool in /Applications/MAMP/htdocs/view-tiful/side.php on line 10
[25-May-2020 09:59:47 Asia/Tokyo] PHP Notice:  Trying to access array offset on value of type bool in /Applications/MAMP/htdocs/view-tiful/side.php on line 9
[25-May-2020 09:59:47 Asia/Tokyo] PHP Notice:  Trying to access array offset on value of type bool in /Applications/MAMP/htdocs/view-tiful/side.php on line 10
[25-May-2020 09:59:48 Asia/Tokyo] PHP Notice:  Trying to access array offset on value of type bool in /Applications/MAMP/htdocs/view-tiful/side.php on line 9
[25-May-2020 09:59:48 Asia/Tokyo] PHP Notice:  Trying to access array offset on value of type bool in /Applications/MAMP/htdocs/view-tiful/side.php on line 10
[25-May-2020 13:02:11 Asia/Tokyo] PHP Notice:  Trying to access array offset on value of type bool in /Applications/MAMP/htdocs/view-tiful/side.php on line 9
[25-May-2020 13:02:11 Asia/Tokyo] PHP Notice:  Trying to access array offset on value of type bool in /Applications/MAMP/htdocs/view-tiful/side.php on line 10
[25-May-2020 13:02:12 Asia/Tokyo] PHP Notice:  Trying to access array offset on value of type bool in /Applications/MAMP/htdocs/view-tiful/side.php on line 9
[25-May-2020 13:02:12 Asia/Tokyo] PHP Notice:  Trying to access array offset on value of type bool in /Applications/MAMP/htdocs/view-tiful/side.php on line 10
[25-May-2020 17:12:42 Asia/Tokyo] PHP Notice:  Trying to access array offset on value of type bool in /Applications/MAMP/htdocs/view-tiful/side.php on line 9
[25-May-2020 17:12:42 Asia/Tokyo] PHP Notice:  Trying to access array offset on value of type bool in /Applications/MAMP/htdocs/view-tiful/side.php on line 10
[25-May-2020 17:12:43 Asia/Tokyo] PHP Notice:  Trying to access array offset on value of type bool in /Applications/MAMP/htdocs/view-tiful/side.php on line 9
[25-May-2020 17:12:43 Asia/Tokyo] PHP Notice:  Trying to access array offset on value of type bool in /Applications/MAMP/htdocs/view-tiful/side.php on line 10
[25-May-2020 19:34:20 Asia/Tokyo] PHP Notice:  Trying to access array offset on value of type bool in /Applications/MAMP/htdocs/view-tiful/side.php on line 9
[25-May-2020 19:34:20 Asia/Tokyo] PHP Notice:  Trying to access array offset on value of type bool in /Applications/MAMP/htdocs/view-tiful/side.php on line 10
[25-May-2020 19:34:20 Asia/Tokyo] PHP Notice:  Trying to access array offset on value of type bool in /Applications/MAMP/htdocs/view-tiful/side.php on line 9
[25-May-2020 19:34:20 Asia/Tokyo] PHP Notice:  Trying to access array offset on value of type bool in /Applications/MAMP/htdocs/view-tiful/side.php on line 10
[26-May-2020 18:27:11 Asia/Tokyo] PHP Notice:  Trying to access array offset on value of type bool in /Applications/MAMP/htdocs/view-tiful/side.php on line 9
[26-May-2020 18:27:11 Asia/Tokyo] PHP Notice:  Trying to access array offset on value of type bool in /Applications/MAMP/htdocs/view-tiful/side.php on line 10
[26-May-2020 18:27:11 Asia/Tokyo] PHP Notice:  Trying to access array offset on value of type bool in /Applications/MAMP/htdocs/view-tiful/side.php on line 9
[26-May-2020 18:27:11 Asia/Tokyo] PHP Notice:  Trying to access array offset on value of type bool in /Applications/MAMP/htdocs/view-tiful/side.php on line 10
[26-May-2020 22:38:56 Asia/Tokyo] PHP Notice:  Trying to access array offset on value of type bool in /Applications/MAMP/htdocs/view-tiful/side.php on line 9
[26-May-2020 22:38:56 Asia/Tokyo] PHP Notice:  Trying to access array offset on value of type bool in /Applications/MAMP/htdocs/view-tiful/side.php on line 10
[26-May-2020 22:39:00 Asia/Tokyo] PHP Notice:  Trying to access array offset on value of type bool in /Applications/MAMP/htdocs/view-tiful/side.php on line 9
[26-May-2020 22:39:00 Asia/Tokyo] PHP Notice:  Trying to access array offset on value of type bool in /Applications/MAMP/htdocs/view-tiful/side.php on line 10
[27-May-2020 11:24:58 Asia/Tokyo] PHP Notice:  Trying to access array offset on value of type bool in /Applications/MAMP/htdocs/view-tiful/side.php on line 9
[27-May-2020 11:24:58 Asia/Tokyo] PHP Notice:  Trying to access array offset on value of type bool in /Applications/MAMP/htdocs/view-tiful/side.php on line 10
[27-May-2020 11:25:00 Asia/Tokyo] PHP Notice:  Trying to access array offset on value of type bool in /Applications/MAMP/htdocs/view-tiful/side.php on line 9
[27-May-2020 11:25:00 Asia/Tokyo] PHP Notice:  Trying to access array offset on value of type bool in /Applications/MAMP/htdocs/view-tiful/side.php on line 10
[27-May-2020 19:30:55 Asia/Tokyo] PHP Notice:  Trying to access array offset on value of type bool in /Applications/MAMP/htdocs/view-tiful/side.php on line 9
[27-May-2020 19:30:55 Asia/Tokyo] PHP Notice:  Trying to access array offset on value of type bool in /Applications/MAMP/htdocs/view-tiful/side.php on line 10
[27-May-2020 19:30:55 Asia/Tokyo] PHP Notice:  Trying to access array offset on value of type bool in /Applications/MAMP/htdocs/view-tiful/side.php on line 9
[27-May-2020 19:30:55 Asia/Tokyo] PHP Notice:  Trying to access array offset on value of type bool in /Applications/MAMP/htdocs/view-tiful/side.php on line 10
[29-May-2020 20:00:14 Asia/Tokyo] PHP Notice:  Trying to access array offset on value of type bool in /Applications/MAMP/htdocs/view-tiful/side.php on line 9
[29-May-2020 20:00:14 Asia/Tokyo] PHP Notice:  Trying to access array offset on value of type bool in /Applications/MAMP/htdocs/view-tiful/side.php on line 10
[29-May-2020 20:00:14 Asia/Tokyo] PHP Notice:  Trying to access array offset on value of type bool in /Applications/MAMP/htdocs/view-tiful/side.php on line 9
[29-May-2020 20:00:14 Asia/Tokyo] PHP Notice:  Trying to access array offset on value of type bool in /Applications/MAMP/htdocs/view-tiful/side.php on line 10
[29-May-2020 20:17:57 Asia/Tokyo] PHP Notice:  Trying to access array offset on value of type bool in /Applications/MAMP/htdocs/view-tiful/side.php on line 9
[29-May-2020 20:17:57 Asia/Tokyo] PHP Notice:  Trying to access array offset on value of type bool in /Applications/MAMP/htdocs/view-tiful/side.php on line 10
[29-May-2020 20:17:57 Asia/Tokyo] PHP Notice:  Trying to access array offset on value of type bool in /Applications/MAMP/htdocs/view-tiful/side.php on line 9
[29-May-2020 20:17:57 Asia/Tokyo] PHP Notice:  Trying to access array offset on value of type bool in /Applications/MAMP/htdocs/view-tiful/side.php on line 10
[31-May-2020 12:43:49 Asia/Tokyo] PHP Notice:  Trying to access array offset on value of type bool in /Applications/MAMP/htdocs/view-tiful/side.php on line 9
[31-May-2020 12:43:49 Asia/Tokyo] PHP Notice:  Trying to access array offset on value of type bool in /Applications/MAMP/htdocs/view-tiful/side.php on line 10
[31-May-2020 12:43:50 Asia/Tokyo] PHP Notice:  Undefined index: user_id in /Applications/MAMP/htdocs/view-tiful/mypage.php on line 8
[31-May-2020 12:43:50 Asia/Tokyo] PHP Notice:  Undefined index: user_id in /Applications/MAMP/htdocs/view-tiful/mypage.php on line 12
[31-May-2020 12:43:50 Asia/Tokyo] PHP Notice:  Undefined index: user_id in /Applications/MAMP/htdocs/view-tiful/mypage.php on line 16
[31-May-2020 12:43:50 Asia/Tokyo] PHP Notice:  Undefined index: user_id in /Applications/MAMP/htdocs/view-tiful/side.php on line 2
[31-May-2020 12:43:50 Asia/Tokyo] PHP Notice:  Trying to access array offset on value of type bool in /Applications/MAMP/htdocs/view-tiful/side.php on line 9
[31-May-2020 12:43:50 Asia/Tokyo] PHP Notice:  Trying to access array offset on value of type bool in /Applications/MAMP/htdocs/view-tiful/side.php on line 10
[02-Jun-2020 13:55:22 Asia/Tokyo] PHP Notice:  Trying to access array offset on value of type bool in /Applications/MAMP/htdocs/view-tiful/side.php on line 9
[02-Jun-2020 13:55:22 Asia/Tokyo] PHP Notice:  Trying to access array offset on value of type bool in /Applications/MAMP/htdocs/view-tiful/side.php on line 10
[02-Jun-2020 13:55:23 Asia/Tokyo] PHP Notice:  Trying to access array offset on value of type bool in /Applications/MAMP/htdocs/view-tiful/side.php on line 9
[02-Jun-2020 13:55:23 Asia/Tokyo] PHP Notice:  Trying to access array offset on value of type bool in /Applications/MAMP/htdocs/view-tiful/side.php on line 10
[03-Jun-2020 06:43:39 Asia/Tokyo] PHP Notice:  Trying to access array offset on value of type bool in /Applications/MAMP/htdocs/view-tiful/side.php on line 9
[03-Jun-2020 06:43:39 Asia/Tokyo] PHP Notice:  Trying to access array offset on value of type bool in /Applications/MAMP/htdocs/view-tiful/side.php on line 10
[03-Jun-2020 06:43:40 Asia/Tokyo] PHP Notice:  Trying to access array offset on value of type bool in /Applications/MAMP/htdocs/view-tiful/side.php on line 9
[03-Jun-2020 06:43:40 Asia/Tokyo] PHP Notice:  Trying to access array offset on value of type bool in /Applications/MAMP/htdocs/view-tiful/side.php on line 10
[03-Jun-2020 22:11:03 Asia/Tokyo] PHP Notice:  Trying to access array offset on value of type bool in /Applications/MAMP/htdocs/view-tiful/side.php on line 9
[03-Jun-2020 22:11:03 Asia/Tokyo] PHP Notice:  Trying to access array offset on value of type bool in /Applications/MAMP/htdocs/view-tiful/side.php on line 10
[03-Jun-2020 22:11:04 Asia/Tokyo] PHP Notice:  Trying to access array offset on value of type bool in /Applications/MAMP/htdocs/view-tiful/side.php on line 9
[03-Jun-2020 22:11:04 Asia/Tokyo] PHP Notice:  Trying to access array offset on value of type bool in /Applications/MAMP/htdocs/view-tiful/side.php on line 10
[04-Jun-2020 07:59:12 Asia/Tokyo] PHP Notice:  Undefined index: user_id in /Applications/MAMP/htdocs/view-tiful/mypage.php on line 8
[04-Jun-2020 07:59:12 Asia/Tokyo] PHP Notice:  Undefined index: user_id in /Applications/MAMP/htdocs/view-tiful/mypage.php on line 12
[04-Jun-2020 07:59:12 Asia/Tokyo] PHP Notice:  Undefined index: user_id in /Applications/MAMP/htdocs/view-tiful/mypage.php on line 16
[04-Jun-2020 07:59:12 Asia/Tokyo] PHP Notice:  Undefined index: user_id in /Applications/MAMP/htdocs/view-tiful/side.php on line 2
[04-Jun-2020 07:59:12 Asia/Tokyo] PHP Notice:  Trying to access array offset on value of type bool in /Applications/MAMP/htdocs/view-tiful/side.php on line 9
[04-Jun-2020 07:59:12 Asia/Tokyo] PHP Notice:  Trying to access array offset on value of type bool in /Applications/MAMP/htdocs/view-tiful/side.php on line 10
[04-Jun-2020 07:59:12 Asia/Tokyo] PHP Notice:  Undefined index: user_id in /Applications/MAMP/htdocs/view-tiful/mypage.php on line 8
[04-Jun-2020 07:59:12 Asia/Tokyo] PHP Notice:  Undefined index: user_id in /Applications/MAMP/htdocs/view-tiful/mypage.php on line 12
[04-Jun-2020 07:59:12 Asia/Tokyo] PHP Notice:  Undefined index: user_id in /Applications/MAMP/htdocs/view-tiful/mypage.php on line 16
[04-Jun-2020 07:59:12 Asia/Tokyo] PHP Notice:  Undefined index: user_id in /Applications/MAMP/htdocs/view-tiful/side.php on line 2
[04-Jun-2020 07:59:12 Asia/Tokyo] PHP Notice:  Trying to access array offset on value of type bool in /Applications/MAMP/htdocs/view-tiful/side.php on line 9
[04-Jun-2020 07:59:12 Asia/Tokyo] PHP Notice:  Trying to access array offset on value of type bool in /Applications/MAMP/htdocs/view-tiful/side.php on line 10
[04-Jun-2020 10:52:40 Asia/Tokyo] PHP Notice:  Undefined index: user_id in /Applications/MAMP/htdocs/view-tiful/mypage.php on line 8
[04-Jun-2020 10:52:40 Asia/Tokyo] PHP Notice:  Undefined index: user_id in /Applications/MAMP/htdocs/view-tiful/mypage.php on line 12
[04-Jun-2020 10:52:40 Asia/Tokyo] PHP Notice:  Undefined index: user_id in /Applications/MAMP/htdocs/view-tiful/mypage.php on line 16
[04-Jun-2020 10:52:40 Asia/Tokyo] PHP Notice:  Undefined index: user_id in /Applications/MAMP/htdocs/view-tiful/side.php on line 2
[04-Jun-2020 10:52:40 Asia/Tokyo] PHP Notice:  Trying to access array offset on value of type bool in /Applications/MAMP/htdocs/view-tiful/side.php on line 9
[04-Jun-2020 10:52:40 Asia/Tokyo] PHP Notice:  Trying to access array offset on value of type bool in /Applications/MAMP/htdocs/view-tiful/side.php on line 10
[04-Jun-2020 10:52:40 Asia/Tokyo] PHP Notice:  Undefined index: user_id in /Applications/MAMP/htdocs/view-tiful/mypage.php on line 8
[04-Jun-2020 10:52:40 Asia/Tokyo] PHP Notice:  Undefined index: user_id in /Applications/MAMP/htdocs/view-tiful/mypage.php on line 12
[04-Jun-2020 10:52:40 Asia/Tokyo] PHP Notice:  Undefined index: user_id in /Applications/MAMP/htdocs/view-tiful/mypage.php on line 16
[04-Jun-2020 10:52:40 Asia/Tokyo] PHP Notice:  Undefined index: user_id in /Applications/MAMP/htdocs/view-tiful/side.php on line 2
[04-Jun-2020 10:52:40 Asia/Tokyo] PHP Notice:  Trying to access array offset on value of type bool in /Applications/MAMP/htdocs/view-tiful/side.php on line 9
[04-Jun-2020 10:52:40 Asia/Tokyo] PHP Notice:  Trying to access array offset on value of type bool in /Applications/MAMP/htdocs/view-tiful/side.php on line 10
[04-Jun-2020 20:36:14 Asia/Tokyo] PHP Notice:  Trying to access array offset on value of type bool in /Applications/MAMP/htdocs/view-tiful/side.php on line 9
[04-Jun-2020 20:36:14 Asia/Tokyo] PHP Notice:  Trying to access array offset on value of type bool in /Applications/MAMP/htdocs/view-tiful/side.php on line 10
[04-Jun-2020 20:36:18 Asia/Tokyo] PHP Notice:  Trying to access array offset on value of type bool in /Applications/MAMP/htdocs/view-tiful/side.php on line 9
[04-Jun-2020 20:36:18 Asia/Tokyo] PHP Notice:  Trying to access array offset on value of type bool in /Applications/MAMP/htdocs/view-tiful/side.php on line 10
[04-Jun-2020 21:43:14 Asia/Tokyo] PHP Notice:  Trying to access array offset on value of type bool in /Applications/MAMP/htdocs/view-tiful/side.php on line 9
[04-Jun-2020 21:43:14 Asia/Tokyo] PHP Notice:  Trying to access array offset on value of type bool in /Applications/MAMP/htdocs/view-tiful/side.php on line 10
[04-Jun-2020 21:43:14 Asia/Tokyo] PHP Notice:  Trying to access array offset on value of type bool in /Applications/MAMP/htdocs/view-tiful/side.php on line 9
[04-Jun-2020 21:43:14 Asia/Tokyo] PHP Notice:  Trying to access array offset on value of type bool in /Applications/MAMP/htdocs/view-tiful/side.php on line 10
[06-Jun-2020 10:31:51 Asia/Tokyo] PHP Notice:  Trying to access array offset on value of type bool in /Applications/MAMP/htdocs/view-tiful/side.php on line 9
[06-Jun-2020 10:31:51 Asia/Tokyo] PHP Notice:  Trying to access array offset on value of type bool in /Applications/MAMP/htdocs/view-tiful/side.php on line 10
[06-Jun-2020 10:31:51 Asia/Tokyo] PHP Notice:  Trying to access array offset on value of type bool in /Applications/MAMP/htdocs/view-tiful/side.php on line 9
[06-Jun-2020 10:31:51 Asia/Tokyo] PHP Notice:  Trying to access array offset on value of type bool in /Applications/MAMP/htdocs/view-tiful/side.php on line 10
[07-Jun-2020 12:08:55 Asia/Tokyo] PHP Notice:  Trying to access array offset on value of type bool in /Applications/MAMP/htdocs/view-tiful/side.php on line 9
[07-Jun-2020 12:08:55 Asia/Tokyo] PHP Notice:  Trying to access array offset on value of type bool in /Applications/MAMP/htdocs/view-tiful/side.php on line 10
[07-Jun-2020 12:08:56 Asia/Tokyo] PHP Notice:  Trying to access array offset on value of type bool in /Applications/MAMP/htdocs/view-tiful/side.php on line 9
[07-Jun-2020 12:08:56 Asia/Tokyo] PHP Notice:  Trying to access array offset on value of type bool in /Applications/MAMP/htdocs/view-tiful/side.php on line 10
